2022-10-03 15:35:04,169 DEBUG setUpDriver()
2022-10-03 15:35:04,189 DEBUG setUp  Driver(chrome, Is Headless: false)
2022-10-03 15:35:04,324 DEBUG Using Log4J2 as the default logging framework
2022-10-03 15:35:04,329 DEBUG -Dio.netty.leakDetection.level: simple
2022-10-03 15:35:04,330 DEBUG -Dio.netty.leakDetection.targetRecords: 4
2022-10-03 15:35:04,333 DEBUG Loaded default ResourceLeakDetector: io.netty.util.ResourceLeakDetector@620aa4ea
2022-10-03 15:35:04,350 DEBUG -Dio.netty.noUnsafe: false
2022-10-03 15:35:04,350 DEBUG Java version: 11
2022-10-03 15:35:04,350 DEBUG sun.misc.Unsafe.theUnsafe: available
2022-10-03 15:35:04,350 DEBUG sun.misc.Unsafe.copyMemory: available
2022-10-03 15:35:04,350 DEBUG java.nio.Buffer.address: available
2022-10-03 15:35:04,350 DEBUG direct buffer constructor: unavailable: Reflective setAccessible(true) disabled
2022-10-03 15:35:04,350 DEBUG java.nio.Bits.unaligned: available, true
2022-10-03 15:35:04,350 DEBUG jdk.internal.misc.Unsafe.allocateUninitializedArray(int): unavailable: class io.netty.util.internal.PlatformDependent0$6 cannot access class jdk.internal.misc.Unsafe (in module java.base) because module java.base does not export jdk.internal.misc to unnamed module @70e0accd
2022-10-03 15:35:04,350 DEBUG java.nio.DirectByteBuffer.<init>(long, int): unavailable
2022-10-03 15:35:04,350 DEBUG sun.misc.Unsafe: available
2022-10-03 15:35:04,350 DEBUG maxDirectMemory: 4221566976 bytes (maybe)
2022-10-03 15:35:04,350 DEBUG -Dio.netty.tmpdir: C:\Users\JBOSNJ~1\AppData\Local\Temp (java.io.tmpdir)
2022-10-03 15:35:04,350 DEBUG -Dio.netty.bitMode: 64 (sun.arch.data.model)
2022-10-03 15:35:04,350 DEBUG Platform: Windows
2022-10-03 15:35:04,350 DEBUG -Dio.netty.maxDirectMemory: -1 bytes
2022-10-03 15:35:04,350 DEBUG -Dio.netty.uninitializedArrayAllocationThreshold: -1
2022-10-03 15:35:04,366 DEBUG java.nio.ByteBuffer.cleaner(): available
2022-10-03 15:35:04,366 DEBUG -Dio.netty.noPreferDirect: false
2022-10-03 15:35:04,366 DEBUG org.jctools-core.MpscChunkedArrayQueue: available
2022-10-03 15:35:04,397 DEBUG -Dio.netty.threadLocalMap.stringBuilder.initialSize: 1024
2022-10-03 15:35:04,397 DEBUG -Dio.netty.threadLocalMap.stringBuilder.maxSize: 4096
2022-10-03 15:35:04,555 DEBUG Default protocols (JDK): [TLSv1.3, TLSv1.2] 
2022-10-03 15:35:04,555 DEBUG Default cipher suites (JDK): [TLS_ECDHE_ECDSA_WITH_AES_256_GCM_SHA384, TLS_ECDHE_ECDSA_WITH_AES_128_GCM_SHA256, TLS_ECDHE_RSA_WITH_AES_128_GCM_SHA256, TLS_ECDHE_RSA_WITH_AES_256_GCM_SHA384, TLS_ECDHE_RSA_WITH_AES_128_CBC_SHA, TLS_ECDHE_RSA_WITH_AES_256_CBC_SHA, TLS_RSA_WITH_AES_128_GCM_SHA256, TLS_RSA_WITH_AES_128_CBC_SHA, TLS_RSA_WITH_AES_256_CBC_SHA, TLS_AES_128_GCM_SHA256, TLS_AES_256_GCM_SHA384]
2022-10-03 15:35:04,582 DEBUG -Dio.netty.eventLoopThreads: 24
2022-10-03 15:35:04,582 DEBUG -Dio.netty.noKeySetOptimization: false
2022-10-03 15:35:04,582 DEBUG -Dio.netty.selectorAutoRebuildThreshold: 512
2022-10-03 15:35:04,649 DEBUG -Dio.netty.allocator.numHeapArenas: 24
2022-10-03 15:35:04,649 DEBUG -Dio.netty.allocator.numDirectArenas: 24
2022-10-03 15:35:04,649 DEBUG -Dio.netty.allocator.pageSize: 8192
2022-10-03 15:35:04,649 DEBUG -Dio.netty.allocator.maxOrder: 9
2022-10-03 15:35:04,649 DEBUG -Dio.netty.allocator.chunkSize: 4194304
2022-10-03 15:35:04,649 DEBUG -Dio.netty.allocator.smallCacheSize: 256
2022-10-03 15:35:04,649 DEBUG -Dio.netty.allocator.normalCacheSize: 64
2022-10-03 15:35:04,649 DEBUG -Dio.netty.allocator.maxCachedBufferCapacity: 32768
2022-10-03 15:35:04,649 DEBUG -Dio.netty.allocator.cacheTrimInterval: 8192
2022-10-03 15:35:04,649 DEBUG -Dio.netty.allocator.cacheTrimIntervalMillis: 0
2022-10-03 15:35:04,649 DEBUG -Dio.netty.allocator.useCacheForAllThreads: false
2022-10-03 15:35:04,651 DEBUG -Dio.netty.allocator.maxCachedByteBuffersPerChunk: 1023
2022-10-03 15:35:04,651 DEBUG -Dio.netty.allocator.type: pooled
2022-10-03 15:35:04,651 DEBUG -Dio.netty.threadLocalDirectBufferSize: 0
2022-10-03 15:35:04,651 DEBUG -Dio.netty.maxThreadLocalCharBufferSize: 16384
2022-10-03 15:35:05,015 DEBUG -Dio.netty.processId: 19308 (auto-detected)
2022-10-03 15:35:05,018 DEBUG -Djava.net.preferIPv4Stack: false
2022-10-03 15:35:05,018 DEBUG -Djava.net.preferIPv6Addresses: false
2022-10-03 15:35:05,277 DEBUG Loopback interface: lo (Software Loopback Interface 1, 127.0.0.1)
2022-10-03 15:35:05,278 DEBUG Failed to get SOMAXCONN from sysctl and file \proc\sys\net\core\somaxconn. Default: 200
2022-10-03 15:35:05,553 DEBUG -Dio.netty.machineId: 00:50:56:ff:fe:c0:00:08 (auto-detected)
2022-10-03 15:35:05,600 DEBUG -Dio.netty.buffer.checkAccessible: true
2022-10-03 15:35:05,600 DEBUG -Dio.netty.buffer.checkBounds: true
2022-10-03 15:35:05,600 DEBUG Loaded default ResourceLeakDetector: io.netty.util.ResourceLeakDetector@13862248
2022-10-03 15:35:05,648 DEBUG -Dio.netty.recycler.maxCapacityPerThread: 4096
2022-10-03 15:35:05,649 DEBUG -Dio.netty.recycler.ratio: 8
2022-10-03 15:35:05,649 DEBUG -Dio.netty.recycler.chunkSize: 32
2022-10-03 15:35:05,649 DEBUG -Dio.netty.recycler.blocking: false
2022-10-03 15:35:06,342 DEBUG brotli4j not in the classpath; Brotli support will be unavailable.
2022-10-03 15:35:06,467 DEBUG -Dio.netty.initialSeedUniquifier: 0xbe46bb80f8539600
2022-10-03 15:35:06,662 DEBUG open HomePage(https://demoqa.com/)
2022-10-03 15:35:26,941 DEBUG verifyHomePage()
2022-10-03 15:35:26,942 DEBUG quitDriver()
